#
# A fatal error has been detected by the Java Runtime Environment:
#
#  EXCEPTION_ACCESS_VIOLATION (0xc0000005) at pc=0x000000007110b5db, pid=25336, tid=0x0000000000005c30
#
# JRE version: Java(TM) SE Runtime Environment (8.0_401) (build 1.8.0_401-b25)
# Java VM: Java HotSpot(TM) 64-Bit Server VM (25.401-b25 mixed mode windows-amd64 compressed oops)
# Problematic frame:
# C  [jSSC-2.8_x86_64.dll+0xb5db]
#
# Failed to write core dump. Minidumps are not enabled by default on client versions of Windows
#
# If you would like to submit a bug report, please visit:
#   http://bugreport.java.com/bugreport/crash.jsp
# The crash happened outside the Java Virtual Machine in native code.
# See problematic frame for where to report the bug.
#

---------------  T H R E A D  ---------------

Current thread (0x0000021d94335800):  JavaThread "main" [_thread_in_native, id=23600, stack(0x000000e859e00000,0x000000e859f00000)]

siginfo: ExceptionCode=0xc0000005, reading address 0xffffffff94662a3d

Registers:
RAX=0xffffffff94662a3d, RBX=0x000000e859eff1a0, RCX=0x00007ffa3e16fb34, RDX=0x0000000000000000
RSP=0x000000e859eff130, RBP=0x000000e859eff2b0, RSI=0x0000021d94335a00, RDI=0x00000000000006f4
R8 =0x000000e859eff028, R9 =0x0000000000000000, R10=0x0000000000000000, R11=0x0000000000000246
R12=0x000000e859eff368, R13=0x0000021db25a3f20, R14=0x000000e859eff260, R15=0x0000021d94335800
RIP=0x000000007110b5db, EFLAGS=0x0000000000010206

Top of Stack: (sp=0x000000e859eff130)
0x000000e859eff130:   0000000000000000 0000021db0fc8f20
0x000000e859eff140:   000000007110b230 0000000000000005
0x000000e859eff150:   0000021db26a1860 0000000000000004
0x000000e859eff160:   0000021d94335a00 00000000000006f4
0x000000e859eff170:   000000e859eff2b0 0000000071112590
0x000000e859eff180:   0000021d94335800 000000e859eff260
0x000000e859eff190:   0000021db25a3f20 000000e859eff368
0x000000e859eff1a0:   0000021db25a3f20 00007ffa3e10ab11
0x000000e859eff1b0:   0000021db25a3f10 0000021d942d0000
0x000000e859eff1c0:   000000e859eff2b0 0000000000000000
0x000000e859eff1d0:   0000000071113500 0000000071113be8
0x000000e859eff1e0:   000000e859eff210 0000000071112641
0x000000e859eff1f0:   000000e859eff180 0000021d94335a00
0x000000e859eff200:   0000000000000000 0000000000000000
0x000000e859eff210:   000000e859eff2b0 0000000071101595
0x000000e859eff220:   000000000000001c 000000e800000000 

Instructions: (pc=0x000000007110b5db)
0x000000007110b5bb:   c5 0f 1f 40 00 55 57 56 53 48 83 ec 28 48 8b 05
0x000000007110b5cb:   39 33 01 00 48 89 cb 48 85 c0 0f 84 c5 00 00 00
0x000000007110b5db:   8b 38 85 ff 0f 88 ab 00 00 00 48 8b 05 1c 33 01
0x000000007110b5eb:   00 48 85 c0 0f 84 bc 00 00 00 8b 30 85 f6 74 57 


Register to memory mapping:

RAX=0xffffffff94662a3d is an unknown value
RBX=0x000000e859eff1a0 is pointing into the stack for thread: 0x0000021d94335800
RCX=0x00007ffa3e16fb34 is an unknown value
RDX=0x0000000000000000 is an unknown value
RSP=0x000000e859eff130 is pointing into the stack for thread: 0x0000021d94335800
RBP=0x000000e859eff2b0 is pointing into the stack for thread: 0x0000021d94335800
RSI=0x0000021d94335a00 is an unknown value
RDI=0x00000000000006f4 is an unknown value
R8 =0x000000e859eff028 is pointing into the stack for thread: 0x0000021d94335800
R9 =0x0000000000000000 is an unknown value
R10=0x0000000000000000 is an unknown value
R11=0x0000000000000246 is an unknown value
R12=0x000000e859eff368 is pointing into the stack for thread: 0x0000021d94335800
R13=0x0000021db25a3f20 is an unknown value
R14=0x000000e859eff260 is pointing into the stack for thread: 0x0000021d94335800
R15=0x0000021d94335800 is a thread


Stack: [0x000000e859e00000,0x000000e859f00000],  sp=0x000000e859eff130,  free space=1020k
Native frames: (J=compiled Java code, j=interpreted, Vv=VM code, C=native code)
C  [jSSC-2.8_x86_64.dll+0xb5db]
C  [jSSC-2.8_x86_64.dll+0x12590]
C  [jSSC-2.8_x86_64.dll+0x1595]
C  0x0000021d95e2a02e

Java frames: (J=compiled Java code, j=interpreted, Vv=VM code)
j  jssc.SerialNativeInterface.openPort(Ljava/lang/String;Z)J+0
j  jssc.SerialPort.openPort()Z+65
j  SerialWriter.openPort()V+4
j  SerialWriter.<init>(Ljava/lang/String;)V+17
j  Switch.<init>(FFIILjava/lang/String;Ljava/lang/String;Ljava/lang/String;Ljavax/swing/JPanel;)V+16
j  MRRDispatchFrame.initialization(Ljavax/swing/JPanel;)V+42
j  MRRDispatchFrame.<init>()V+454
j  Main.main([Ljava/lang/String;)V+4
v  ~StubRoutines::call_stub

---------------  P R O C E S S  ---------------

Java Threads: ( => current thread )
  0x0000021db2606000 JavaThread "AWT-Windows" daemon [_thread_in_native, id=6812, stack(0x000000e85c100000,0x000000e85c200000)]
  0x0000021db2600000 JavaThread "AWT-Shutdown" [_thread_blocked, id=29852, stack(0x000000e85c000000,0x000000e85c100000)]
  0x0000021db25fa800 JavaThread "Java2D Disposer" daemon [_thread_blocked, id=18384, stack(0x000000e85bf00000,0x000000e85c000000)]
  0x0000021db0fe6000 JavaThread "Service Thread" daemon [_thread_blocked, id=29584, stack(0x000000e85bd00000,0x000000e85be00000)]
  0x0000021db0efc000 JavaThread "C1 CompilerThread11" daemon [_thread_blocked, id=24712, stack(0x000000e85bc00000,0x000000e85bd00000)]
  0x0000021db0ef7800 JavaThread "C1 CompilerThread10" daemon [_thread_blocked, id=17096, stack(0x000000e85bb00000,0x000000e85bc00000)]
  0x0000021db0efb000 JavaThread "C1 CompilerThread9" daemon [_thread_blocked, id=30004, stack(0x000000e85ba00000,0x000000e85bb00000)]
  0x0000021db0ef6000 JavaThread "C1 CompilerThread8" daemon [_thread_blocked, id=4816, stack(0x000000e85b900000,0x000000e85ba00000)]
  0x0000021db0ef6800 JavaThread "C2 CompilerThread7" daemon [_thread_blocked, id=6296, stack(0x000000e85b800000,0x000000e85b900000)]
  0x0000021db0efa800 JavaThread "C2 CompilerThread6" daemon [_thread_blocked, id=28332, stack(0x000000e85b700000,0x000000e85b800000)]
  0x0000021db0ef9000 JavaThread "C2 CompilerThread5" daemon [_thread_blocked, id=31212, stack(0x000000e85b600000,0x000000e85b700000)]
  0x0000021db0ef5000 JavaThread "C2 CompilerThread4" daemon [_thread_blocked, id=3208, stack(0x000000e85b500000,0x000000e85b600000)]
  0x0000021db0ef8000 JavaThread "C2 CompilerThread3" daemon [_thread_blocked, id=14512, stack(0x000000e85b400000,0x000000e85b500000)]
  0x0000021db0ef2800 JavaThread "C2 CompilerThread2" daemon [_thread_blocked, id=19908, stack(0x000000e85b300000,0x000000e85b400000)]
  0x0000021db0eee000 JavaThread "C2 CompilerThread1" daemon [_thread_blocked, id=13164, stack(0x000000e85b200000,0x000000e85b300000)]
  0x0000021db0eea800 JavaThread "C2 CompilerThread0" daemon [_thread_blocked, id=22076, stack(0x000000e85b100000,0x000000e85b200000)]
  0x0000021db0ee9800 JavaThread "Attach Listener" daemon [_thread_blocked, id=28808, stack(0x000000e85b000000,0x000000e85b100000)]
  0x0000021db0ee4800 JavaThread "Signal Dispatcher" daemon [_thread_blocked, id=10444, stack(0x000000e85af00000,0x000000e85b000000)]
  0x0000021daede8800 JavaThread "Finalizer" daemon [_thread_blocked, id=23268, stack(0x000000e85ae00000,0x000000e85af00000)]
  0x0000021db0ec2000 JavaThread "Reference Handler" daemon [_thread_blocked, id=24036, stack(0x000000e85ad00000,0x000000e85ae00000)]
=>0x0000021d94335800 JavaThread "main" [_thread_in_native, id=23600, stack(0x000000e859e00000,0x000000e859f00000)]

Other Threads:
  0x0000021db0ea1800 VMThread [stack: 0x000000e85ac00000,0x000000e85ad00000] [id=20644]
  0x0000021db0fc8000 WatcherThread [stack: 0x000000e85be00000,0x000000e85bf00000] [id=30120]

VM state:not at safepoint (normal execution)

VM Mutex/Monitor currently owned by a thread: None

heap address: 0x00000006c4600000, size: 4026 MB, Compressed Oops mode: Zero based, Oop shift amount: 3
Narrow klass base: 0x0000000000000000, Narrow klass shift: 3
Compressed class space size: 1073741824 Address: 0x00000007c0000000

Heap:
 PSYoungGen      total 75264K, used 10322K [0x000000076c200000, 0x0000000771600000, 0x00000007c0000000)
  eden space 64512K, 16% used [0x000000076c200000,0x000000076cc14ac0,0x0000000770100000)
  from space 10752K, 0% used [0x0000000770b80000,0x0000000770b80000,0x0000000771600000)
  to   space 10752K, 0% used [0x0000000770100000,0x0000000770100000,0x0000000770b80000)
 ParOldGen       total 172032K, used 0K [0x00000006c4600000, 0x00000006cee00000, 0x000000076c200000)
  object space 172032K, 0% used [0x00000006c4600000,0x00000006c4600000,0x00000006cee00000)
 Metaspace       used 7876K, capacity 8098K, committed 8320K, reserved 1056768K
  class space    used 955K, capacity 1035K, committed 1152K, reserved 1048576K

Card table byte_map: [0x0000021da51d0000,0x0000021da59b0000] byte_map_base: 0x0000021da1bad000

Marking Bits: (ParMarkBitMap*) 0x00007ff954e25fc0
 Begin Bits: [0x0000021da5ef0000, 0x0000021da9dd8000)
 End Bits:   [0x0000021da9dd8000, 0x0000021dadcc0000)

Polling page: 0x0000021d94620000

CodeCache: size=245760Kb used=3511Kb max_used=3511Kb free=242248Kb
 bounds [0x0000021d95e10000, 0x0000021d96180000, 0x0000021da4e10000]
 total_blobs=704 nmethods=340 adapters=274
 compilation: enabled

Compilation events (10 events):
Event: 0.196 Thread 0x0000021db0ef6000  337       1       java.net.URL::getPath (5 bytes)
Event: 0.196 Thread 0x0000021db0efb000  336       1       java.net.URL::getHost (5 bytes)
Event: 0.196 Thread 0x0000021db0efc000  338       1       java.net.URL::getAuthority (5 bytes)
Event: 0.196 Thread 0x0000021db0efb000 nmethod 336 0x0000021d9617c4d0 code [0x0000021d9617c620, 0x0000021d9617c738]
Event: 0.196 Thread 0x0000021db0efc000 nmethod 338 0x0000021d9617c790 code [0x0000021d9617c8e0, 0x0000021d9617c9f8]
Event: 0.196 Thread 0x0000021db0ef6000 nmethod 337 0x0000021d9617ca50 code [0x0000021d9617cba0, 0x0000021d9617ccb8]
Event: 0.197 Thread 0x0000021db0ef7800  339       3       java.lang.String::<init> (10 bytes)
Event: 0.197 Thread 0x0000021db0ef7800 nmethod 339 0x0000021d9617cd10 code [0x0000021d9617ce60, 0x0000021d9617d038]
Event: 0.197 Thread 0x0000021db0ef7800  340       3       java.io.WinNTFileSystem::normalize (143 bytes)
Event: 0.197 Thread 0x0000021db0ef7800 nmethod 340 0x0000021d9617d0d0 code [0x0000021d9617d2c0, 0x0000021d9617daf0]

GC Heap History (0 events):
No events

Deoptimization events (1 events):
Event: 0.166 Thread 0x0000021d94335800 Uncommon trap: reason=null_check action=make_not_entrant pc=0x0000021d96149240 method=java.lang.String.equals(Ljava/lang/Object;)Z @ 8

Classes redefined (0 events):
No events

Internal exceptions (9 events):
Event: 0.029 Thread 0x0000021d94335800 Exception <a 'java/lang/NoSuchMethodError': Method sun.misc.Unsafe.defineClass(Ljava/lang/String;[BII)Ljava/lang/Class; name or signature does not match> (0x000000076c207ce0) thrown at [C:\jenkins\workspace\8-2-build-windows-x64-cygwin-sans-NAS\jdk8u401-m
Event: 0.029 Thread 0x0000021d94335800 Exception <a 'java/lang/NoSuchMethodError': Method sun.misc.Unsafe.prefetchRead(Ljava/lang/Object;J)V name or signature does not match> (0x000000076c207fc8) thrown at [C:\jenkins\workspace\8-2-build-windows-x64-cygwin-sans-NAS\jdk8u401-mos\721\hotspot\src
Event: 0.088 Thread 0x0000021d94335800 Exception <a 'java/security/PrivilegedActionException'> (0x000000076c297e50) thrown at [C:\jenkins\workspace\8-2-build-windows-x64-cygwin-sans-NAS\jdk8u401-mos\721\hotspot\src\share\vm\prims\jvm.cpp, line 1513]
Event: 0.088 Thread 0x0000021d94335800 Exception <a 'java/security/PrivilegedActionException'> (0x000000076c298060) thrown at [C:\jenkins\workspace\8-2-build-windows-x64-cygwin-sans-NAS\jdk8u401-mos\721\hotspot\src\share\vm\prims\jvm.cpp, line 1513]
Event: 0.093 Thread 0x0000021d94335800 Exception <a 'java/io/FileNotFoundException'> (0x000000076c29a5e0) thrown at [C:\jenkins\workspace\8-2-build-windows-x64-cygwin-sans-NAS\jdk8u401-mos\721\hotspot\src\share\vm\prims\jni.cpp, line 710]
Event: 0.114 Thread 0x0000021d94335800 Exception <a 'java/lang/NoSuchFieldError': method resolution failed> (0x000000076c87c888) thrown at [C:\jenkins\workspace\8-2-build-windows-x64-cygwin-sans-NAS\jdk8u401-mos\721\hotspot\src\share\vm\prims\methodHandles.cpp, line 1188]
Event: 0.115 Thread 0x0000021d94335800 Exception <a 'java/lang/NoSuchFieldError': method resolution failed> (0x000000076c88a090) thrown at [C:\jenkins\workspace\8-2-build-windows-x64-cygwin-sans-NAS\jdk8u401-mos\721\hotspot\src\share\vm\prims\methodHandles.cpp, line 1188]
Event: 0.145 Thread 0x0000021d94335800 Exception <a 'java/io/FileNotFoundException'> (0x000000076c92d450) thrown at [C:\jenkins\workspace\8-2-build-windows-x64-cygwin-sans-NAS\jdk8u401-mos\721\hotspot\src\share\vm\prims\jni.cpp, line 710]
Event: 0.166 Thread 0x0000021d94335800 Implicit null exception at 0x0000021d96149022 to 0x0000021d96149231

Events (10 events):
Event: 0.196 loading class java/lang/SecurityException
Event: 0.196 loading class java/lang/SecurityException done
Event: 0.196 loading class jssc/SerialPortTimeoutException
Event: 0.197 loading class jssc/SerialPortTimeoutException done
Event: 0.197 loading class jssc/SerialPort$EventThread
Event: 0.197 loading class jssc/SerialPort$EventThread done
Event: 0.197 loading class jssc/SerialPort$LinuxEventThread
Event: 0.197 loading class jssc/SerialPort$LinuxEventThread done
Event: 0.197 loading class jssc/SerialNativeInterface
Event: 0.197 loading class jssc/SerialNativeInterface done


Dynamic libraries:
0x00007ff7c9c70000 - 0x00007ff7c9cba000 	C:\Program Files\Java\jdk-1.8\bin\javaw.exe
0x00007ffa3e0d0000 - 0x00007ffa3e2e7000 	C:\WINDOWS\SYSTEM32\ntdll.dll
0x00007ffa3bfb0000 - 0x00007ffa3c074000 	C:\WINDOWS\System32\KERNEL32.DLL
0x00007ffa3b810000 - 0x00007ffa3bbb7000 	C:\WINDOWS\System32\KERNELBASE.dll
0x000000005a830000 - 0x000000005ab62000 	C:\Program Files\Norton Security\NortonData\22.21.5.44\Definitions\IPSDefs\20240606.064\IPSEng64.dll
0x00007ffa3da00000 - 0x00007ffa3dab2000 	C:\WINDOWS\System32\ADVAPI32.dll
0x00007ffa3ddf0000 - 0x00007ffa3de97000 	C:\WINDOWS\System32\msvcrt.dll
0x00007ffa3d950000 - 0x00007ffa3d9f8000 	C:\WINDOWS\System32\sechost.dll
0x00007ffa3bdd0000 - 0x00007ffa3bdf8000 	C:\WINDOWS\System32\bcrypt.dll
0x00007ffa3d830000 - 0x00007ffa3d945000 	C:\WINDOWS\System32\RPCRT4.dll
0x00007ffa3dac0000 - 0x00007ffa3dac8000 	C:\WINDOWS\System32\PSAPI.DLL
0x00007ffa3dc40000 - 0x00007ffa3ddee000 	C:\WINDOWS\System32\USER32.dll
0x00007ffa3bd30000 - 0x00007ffa3bd56000 	C:\WINDOWS\System32\win32u.dll
0x00007ffa3dad0000 - 0x00007ffa3daf9000 	C:\WINDOWS\System32\GDI32.dll
0x00007ffa3b5d0000 - 0x00007ffa3b6e9000 	C:\WINDOWS\System32\gdi32full.dll
0x00007ffa3b3f0000 - 0x00007ffa3b48a000 	C:\WINDOWS\System32\msvcp_win.dll
0x00007ffa3b6f0000 - 0x00007ffa3b801000 	C:\WINDOWS\System32\ucrtbase.dll
0x00007ffa219b0000 - 0x00007ffa21c43000 	C:\WINDOWS\WinSxS\amd64_microsoft.windows.common-controls_6595b64144ccf1df_6.0.22621.3527_none_270e469b73872a76\COMCTL32.dll
0x00007ffa3e050000 - 0x00007ffa3e081000 	C:\WINDOWS\System32\IMM32.DLL
0x00007ffa36340000 - 0x00007ffa3635b000 	C:\Program Files\Java\jdk-1.8\jre\bin\vcruntime140.dll
0x00007ffa36370000 - 0x00007ffa3637c000 	C:\Program Files\Java\jdk-1.8\jre\bin\vcruntime140_1.dll
0x00007ffa0f700000 - 0x00007ffa0f78e000 	C:\Program Files\Java\jdk-1.8\jre\bin\msvcp140.dll
0x00007ff9545f0000 - 0x00007ff954ea0000 	C:\Program Files\Java\jdk-1.8\jre\bin\server\jvm.dll
0x00007ffa10100000 - 0x00007ffa10109000 	C:\WINDOWS\SYSTEM32\WSOCK32.dll
0x00007ffa32490000 - 0x00007ffa324c4000 	C:\WINDOWS\SYSTEM32\WINMM.dll
0x00007ffa312d0000 - 0x00007ffa312da000 	C:\WINDOWS\SYSTEM32\VERSION.dll
0x00007ffa3c180000 - 0x00007ffa3c1f1000 	C:\WINDOWS\System32\WS2_32.dll
0x00007ffa3a500000 - 0x00007ffa3a518000 	C:\WINDOWS\SYSTEM32\kernel.appcore.dll
0x00007ffa36320000 - 0x00007ffa36330000 	C:\Program Files\Java\jdk-1.8\jre\bin\verify.dll
0x00007ffa2b010000 - 0x00007ffa2b03b000 	C:\Program Files\Java\jdk-1.8\jre\bin\java.dll
0x00007ffa312b0000 - 0x00007ffa312c8000 	C:\Program Files\Java\jdk-1.8\jre\bin\zip.dll
0x00007ffa3cd10000 - 0x00007ffa3d56c000 	C:\WINDOWS\System32\SHELL32.dll
0x00007ffa39340000 - 0x00007ffa39c36000 	C:\WINDOWS\SYSTEM32\windows.storage.dll
0x00007ffa3c3c0000 - 0x00007ffa3c748000 	C:\WINDOWS\System32\combase.dll
0x00007ffa39200000 - 0x00007ffa3933e000 	C:\WINDOWS\SYSTEM32\wintypes.dll
0x00007ffa3d730000 - 0x00007ffa3d825000 	C:\WINDOWS\System32\SHCORE.dll
0x00007ffa3c360000 - 0x00007ffa3c3be000 	C:\WINDOWS\System32\shlwapi.dll
0x00007ffa3b320000 - 0x00007ffa3b341000 	C:\WINDOWS\SYSTEM32\profapi.dll
0x00007ff9f2bf0000 - 0x00007ff9f2d6f000 	C:\Program Files\Java\jdk-1.8\jre\bin\awt.dll
0x00007ffa3cc00000 - 0x00007ffa3ccd7000 	C:\WINDOWS\System32\OLEAUT32.dll
0x00007ffa38270000 - 0x00007ffa38307000 	C:\WINDOWS\SYSTEM32\apphelp.dll
0x00007ffa385f0000 - 0x00007ffa3861b000 	C:\WINDOWS\system32\DWMAPI.DLL
0x00007ffa38370000 - 0x00007ffa3841b000 	C:\WINDOWS\system32\uxtheme.dll
0x00007ffa1a3a0000 - 0x00007ffa1a4a0000 	C:\WINDOWS\system32\opengl32.dll
0x00007ffa2cfa0000 - 0x00007ffa2cfcd000 	C:\WINDOWS\SYSTEM32\GLU32.dll
0x00007ffa38680000 - 0x00007ffa386b9000 	C:\WINDOWS\SYSTEM32\dxcore.dll
0x00007ffa3c200000 - 0x00007ffa3c353000 	C:\WINDOWS\System32\MSCTF.dll
0x00007ffa3dea0000 - 0x00007ffa3e045000 	C:\WINDOWS\System32\ole32.dll
0x00007ffa3b550000 - 0x00007ffa3b5c9000 	C:\WINDOWS\System32\bcryptPrimitives.dll
0x0000000071100000 - 0x0000000071125000 	C:\Users\tec31\.jssc\windows\jSSC-2.8_x86_64.dll
0x00007ffa38ad0000 - 0x00007ffa38d02000 	C:\WINDOWS\SYSTEM32\dbghelp.dll

VM Arguments:
jvm_args: -Dfile.encoding=UTF-8 -Dstdout.encoding=UTF-8 -Dstderr.encoding=UTF-8 
java_command: Main
java_class_path (initial): C:\Users\tec31\git\repository\MRR_Dispatcher\bin;C:\Users\tec31\Downloads\jSSC-2.8.0-Release\jSSC-2.8.0-Release\jssc.jar
Launcher Type: SUN_STANDARD

Environment Variables:
USERNAME=tec31
OS=Windows_NT
PROCESSOR_IDENTIFIER=Intel64 Family 6 Model 141 Stepping 1, GenuineIntel



---------------  S Y S T E M  ---------------

OS: Windows 11 , 64 bit Build 22621 (10.0.22621.3527)

CPU:total 16 (initial active 16) (8 cores per cpu, 2 threads per core) family 6 model 141 stepping 1, cmov, cx8, fxsr, mmx, sse, sse2, sse3, ssse3, sse4.1, sse4.2, popcnt, avx, avx2, aes, clmul, erms, 3dnowpref, lzcnt, ht, tsc, tscinvbit, bmi1, bmi2, adx

Memory: 4k page, physical 16490316k(4407212k free), swap 25403212k(8141632k free)

vm_info: Java HotSpot(TM) 64-Bit Server VM (25.401-b25) for windows-amd64 JRE (1.8.0_401-b25), built on Jan  3 2024 09:14:55 by "java_re" with MS VC++ 17.1 (VS2022)

time: Thu Jun  6 16:26:31 2024
timezone: Eastern Daylight Time
elapsed time: 0.222457 seconds (0d 0h 0m 0s)

