#
# A fatal error has been detected by the Java Runtime Environment:
#
#  EXCEPTION_ACCESS_VIOLATION (0xc0000005) at pc=0x000000007110b5db, pid=31220, tid=0x0000000000007930
#
# JRE version: Java(TM) SE Runtime Environment (8.0_401) (build 1.8.0_401-b25)
# Java VM: Java HotSpot(TM) 64-Bit Server VM (25.401-b25 mixed mode windows-amd64 compressed oops)
# Problematic frame:
# C  [jSSC-2.8_x86_64.dll+0xb5db]
#
# Failed to write core dump. Minidumps are not enabled by default on client versions of Windows
#
# If you would like to submit a bug report, please visit:
#   http://bugreport.java.com/bugreport/crash.jsp
# The crash happened outside the Java Virtual Machine in native code.
# See problematic frame for where to report the bug.
#

---------------  T H R E A D  ---------------

Current thread (0x0000015740ba8800):  JavaThread "AWT-EventQueue-0" [_thread_in_native, id=31024, stack(0x0000001b4a600000,0x0000001b4a700000)]

siginfo: ExceptionCode=0xc0000005, reading address 0x0000000022a2e357

Registers:
RAX=0x0000000022a2e357, RBX=0x0000001b4a6fc110, RCX=0x00007ff918c4fb34, RDX=0x0000000000000000
RSP=0x0000001b4a6fc0a0, RBP=0x0000001b4a6fc220, RSI=0x0000015740ba8a00, RDI=0x0000000000000838
R8 =0x0000001b4a6fbf98, R9 =0x0000000000000000, R10=0x0000000000000000, R11=0x0000000000000246
R12=0x0000001b4a6fc2d8, R13=0x0000015740abc160, R14=0x0000001b4a6fc1d0, R15=0x0000015740ba8800
RIP=0x000000007110b5db, EFLAGS=0x0000000000010206

Top of Stack: (sp=0x0000001b4a6fc0a0)
0x0000001b4a6fc0a0:   0000000000000000 0000015740abc4c0
0x0000001b4a6fc0b0:   000000007110b230 0000000000000005
0x0000001b4a6fc0c0:   0000015740e28b80 0000000000000004
0x0000001b4a6fc0d0:   0000015740ba8a00 0000000000000838
0x0000001b4a6fc0e0:   0000001b4a6fc220 0000000071112590
0x0000001b4a6fc0f0:   0000015740ba8800 0000001b4a6fc1d0
0x0000001b4a6fc100:   0000015740abc160 0000001b4a6fc2d8
0x0000001b4a6fc110:   0000015740abc160 00007ff918beab11
0x0000001b4a6fc120:   0000015740abc150 0000015722800000
0x0000001b4a6fc130:   0000001b4a6fc220 0000000000000000
0x0000001b4a6fc140:   0000000071113500 0000000071113be8
0x0000001b4a6fc150:   0000001b4a6fc180 0000000071112641
0x0000001b4a6fc160:   0000001b4a6fc0f0 0000015740ba8a00
0x0000001b4a6fc170:   0000000000000000 0000000000000000
0x0000001b4a6fc180:   0000001b4a6fc220 0000000071101595
0x0000001b4a6fc190:   000000000000001c 0000001b00000000 

Instructions: (pc=0x000000007110b5db)
0x000000007110b5bb:   c5 0f 1f 40 00 55 57 56 53 48 83 ec 28 48 8b 05
0x000000007110b5cb:   39 33 01 00 48 89 cb 48 85 c0 0f 84 c5 00 00 00
0x000000007110b5db:   8b 38 85 ff 0f 88 ab 00 00 00 48 8b 05 1c 33 01
0x000000007110b5eb:   00 48 85 c0 0f 84 bc 00 00 00 8b 30 85 f6 74 57 


Register to memory mapping:

RAX=0x0000000022a2e357 is an unknown value
RBX=0x0000001b4a6fc110 is pointing into the stack for thread: 0x0000015740ba8800
RCX=0x00007ff918c4fb34 is an unknown value
RDX=0x0000000000000000 is an unknown value
RSP=0x0000001b4a6fc0a0 is pointing into the stack for thread: 0x0000015740ba8800
RBP=0x0000001b4a6fc220 is pointing into the stack for thread: 0x0000015740ba8800
RSI=0x0000015740ba8a00 is an unknown value
RDI=0x0000000000000838 is an unknown value
R8 =0x0000001b4a6fbf98 is pointing into the stack for thread: 0x0000015740ba8800
R9 =0x0000000000000000 is an unknown value
R10=0x0000000000000000 is an unknown value
R11=0x0000000000000246 is an unknown value
R12=0x0000001b4a6fc2d8 is pointing into the stack for thread: 0x0000015740ba8800
R13=0x0000015740abc160 is an unknown value
R14=0x0000001b4a6fc1d0 is pointing into the stack for thread: 0x0000015740ba8800
R15=0x0000015740ba8800 is a thread


Stack: [0x0000001b4a600000,0x0000001b4a700000],  sp=0x0000001b4a6fc0a0,  free space=1008k
Native frames: (J=compiled Java code, j=interpreted, Vv=VM code, C=native code)
C  [jSSC-2.8_x86_64.dll+0xb5db]
C  [jSSC-2.8_x86_64.dll+0x12590]
C  [jSSC-2.8_x86_64.dll+0x1595]
C  0x000001572430a02e

Java frames: (J=compiled Java code, j=interpreted, Vv=VM code)
j  jssc.SerialNativeInterface.openPort(Ljava/lang/String;Z)J+0
j  jssc.SerialPort.openPort()Z+65
j  Sender.sendMessage(Ljava/lang/String;)V+90
j  Switch.toggleSwitch()V+158
j  Switch.lambda$0(Ljava/awt/event/ActionEvent;)V+1
j  Switch$$Lambda$20.actionPerformed(Ljava/awt/event/ActionEvent;)V+5
j  javax.swing.AbstractButton.fireActionPerformed(Ljava/awt/event/ActionEvent;)V+83
j  javax.swing.AbstractButton$Handler.actionPerformed(Ljava/awt/event/ActionEvent;)V+5
j  javax.swing.DefaultButtonModel.fireActionPerformed(Ljava/awt/event/ActionEvent;)V+34
j  javax.swing.DefaultButtonModel.setPressed(Z)V+117
j  javax.swing.plaf.basic.BasicButtonListener.mouseReleased(Ljava/awt/event/MouseEvent;)V+35
j  java.awt.Component.processMouseEvent(Ljava/awt/event/MouseEvent;)V+64
j  javax.swing.JComponent.processMouseEvent(Ljava/awt/event/MouseEvent;)V+23
j  java.awt.Component.processEvent(Ljava/awt/AWTEvent;)V+81
j  java.awt.Container.processEvent(Ljava/awt/AWTEvent;)V+18
j  java.awt.Component.dispatchEventImpl(Ljava/awt/AWTEvent;)V+589
J 1116 C1 java.awt.Container.dispatchEventImpl(Ljava/awt/AWTEvent;)V (129 bytes) @ 0x000001572484b9cc [0x000001572484b880+0x14c]
j  java.awt.Component.dispatchEvent(Ljava/awt/AWTEvent;)V+2
j  java.awt.LightweightDispatcher.retargetMouseEvent(Ljava/awt/Component;ILjava/awt/event/MouseEvent;)V+349
j  java.awt.LightweightDispatcher.processMouseEvent(Ljava/awt/event/MouseEvent;)Z+155
j  java.awt.LightweightDispatcher.dispatchEvent(Ljava/awt/AWTEvent;)Z+50
J 1116 C1 java.awt.Container.dispatchEventImpl(Ljava/awt/AWTEvent;)V (129 bytes) @ 0x000001572484b96c [0x000001572484b880+0xec]
j  java.awt.Window.dispatchEventImpl(Ljava/awt/AWTEvent;)V+19
J 1090 C1 java.awt.EventQueue.dispatchEventImpl(Ljava/awt/AWTEvent;Ljava/lang/Object;)V (149 bytes) @ 0x000001572482e99c [0x000001572482d140+0x185c]
J 1029 C1 java.awt.EventQueue$3.run()Ljava/lang/Void; (60 bytes) @ 0x0000015724807f9c [0x0000015724807d80+0x21c]
J 1028 C1 java.awt.EventQueue$3.run()Ljava/lang/Object; (5 bytes) @ 0x0000015724804e0c [0x0000015724804d80+0x8c]
v  ~StubRoutines::call_stub
J 895  java.security.AccessController.doPrivileged(Ljava/security/PrivilegedAction;Ljava/security/AccessControlContext;)Ljava/lang/Object; (0 bytes) @ 0x00000157247a8466 [0x00000157247a8400+0x66]
J 899 C1 java.security.ProtectionDomain$JavaSecurityAccessImpl.doIntersectionPrivilege(Ljava/security/PrivilegedAction;Ljava/security/AccessControlContext;Ljava/security/AccessControlContext;)Ljava/lang/Object; (22 bytes) @ 0x00000157247adf64 [0x00000157247adb00+0x464]
j  java.security.ProtectionDomain$JavaSecurityAccessImpl.doIntersectionPrivilege(Ljava/security/PrivilegedAction;Ljava/security/AccessControlContext;)Ljava/lang/Object;+6
j  java.awt.EventQueue$4.run()Ljava/lang/Void;+11
j  java.awt.EventQueue$4.run()Ljava/lang/Object;+1
v  ~StubRoutines::call_stub
J 895  java.security.AccessController.doPrivileged(Ljava/security/PrivilegedAction;Ljava/security/AccessControlContext;)Ljava/lang/Object; (0 bytes) @ 0x00000157247a8466 [0x00000157247a8400+0x66]
J 1024 C1 java.awt.EventQueue.dispatchEvent(Ljava/awt/AWTEvent;)V (80 bytes) @ 0x00000157248094dc [0x0000015724808680+0xe5c]
J 1031 C1 java.awt.EventDispatchThread.pumpOneEventForFilters(I)V (190 bytes) @ 0x000001572480f544 [0x000001572480e520+0x1024]
j  java.awt.EventDispatchThread.pumpEventsForFilter(ILjava/awt/Conditional;Ljava/awt/EventFilter;)V+35
j  java.awt.EventDispatchThread.pumpEventsForHierarchy(ILjava/awt/Conditional;Ljava/awt/Component;)V+11
j  java.awt.EventDispatchThread.pumpEvents(ILjava/awt/Conditional;)V+4
j  java.awt.EventDispatchThread.pumpEvents(Ljava/awt/Conditional;)V+3
j  java.awt.EventDispatchThread.run()V+9
v  ~StubRoutines::call_stub

---------------  P R O C E S S  ---------------

Java Threads: ( => current thread )
  0x0000015722863800 JavaThread "DestroyJavaVM" [_thread_blocked, id=30832, stack(0x0000001b48200000,0x0000001b48300000)]
=>0x0000015740ba8800 JavaThread "AWT-EventQueue-0" [_thread_in_native, id=31024, stack(0x0000001b4a600000,0x0000001b4a700000)]
  0x0000015740b24000 JavaThread "AWT-Windows" daemon [_thread_in_native, id=28476, stack(0x0000001b4a500000,0x0000001b4a600000)]
  0x0000015740b20800 JavaThread "AWT-Shutdown" [_thread_blocked, id=21188, stack(0x0000001b4a400000,0x0000001b4a500000)]
  0x0000015740b1d000 JavaThread "Java2D Disposer" daemon [_thread_blocked, id=32452, stack(0x0000001b4a300000,0x0000001b4a400000)]
  0x000001573f4b5800 JavaThread "Service Thread" daemon [_thread_blocked, id=32172, stack(0x0000001b4a100000,0x0000001b4a200000)]
  0x000001573f418800 JavaThread "C1 CompilerThread11" daemon [_thread_blocked, id=21652, stack(0x0000001b4a000000,0x0000001b4a100000)]
  0x000001573f41a800 JavaThread "C1 CompilerThread10" daemon [_thread_blocked, id=32064, stack(0x0000001b49f00000,0x0000001b4a000000)]
  0x000001573f41b800 JavaThread "C1 CompilerThread9" daemon [_thread_blocked, id=30884, stack(0x0000001b49e00000,0x0000001b49f00000)]
  0x000001573f41d000 JavaThread "C1 CompilerThread8" daemon [_thread_blocked, id=24060, stack(0x0000001b49d00000,0x0000001b49e00000)]
  0x000001573f419000 JavaThread "C2 CompilerThread7" daemon [_thread_blocked, id=10492, stack(0x0000001b49c00000,0x0000001b49d00000)]
  0x000001573f3fb800 JavaThread "C2 CompilerThread6" daemon [_thread_blocked, id=19368, stack(0x0000001b49b00000,0x0000001b49c00000)]
  0x000001573f3e5000 JavaThread "C2 CompilerThread5" daemon [_thread_blocked, id=19804, stack(0x0000001b49a00000,0x0000001b49b00000)]
  0x000001573f3df800 JavaThread "C2 CompilerThread4" daemon [_thread_blocked, id=16088, stack(0x0000001b49900000,0x0000001b49a00000)]
  0x000001573f3d9800 JavaThread "C2 CompilerThread3" daemon [_thread_blocked, id=20580, stack(0x0000001b49800000,0x0000001b49900000)]
  0x000001573f3d5800 JavaThread "C2 CompilerThread2" daemon [_thread_blocked, id=31352, stack(0x0000001b49700000,0x0000001b49800000)]
  0x000001573f3d4800 JavaThread "C2 CompilerThread1" daemon [_thread_blocked, id=25684, stack(0x0000001b49600000,0x0000001b49700000)]
  0x000001573f3d1000 JavaThread "C2 CompilerThread0" daemon [_thread_blocked, id=28408, stack(0x0000001b49500000,0x0000001b49600000)]
  0x000001573f3d0000 JavaThread "Attach Listener" daemon [_thread_blocked, id=14204, stack(0x0000001b49400000,0x0000001b49500000)]
  0x000001573f3cb800 JavaThread "Signal Dispatcher" daemon [_thread_blocked, id=28244, stack(0x0000001b49300000,0x0000001b49400000)]
  0x00000157228f0800 JavaThread "Finalizer" daemon [_thread_blocked, id=26988, stack(0x0000001b49200000,0x0000001b49300000)]
  0x000001573f3b2000 JavaThread "Reference Handler" daemon [_thread_blocked, id=23128, stack(0x0000001b49100000,0x0000001b49200000)]

Other Threads:
  0x000001573d6b4800 VMThread [stack: 0x0000001b49000000,0x0000001b49100000] [id=7732]
  0x000001573f4b8800 WatcherThread [stack: 0x0000001b4a200000,0x0000001b4a300000] [id=6484]

VM state:not at safepoint (normal execution)

VM Mutex/Monitor currently owned by a thread: None

heap address: 0x00000006c4600000, size: 4026 MB, Compressed Oops mode: Zero based, Oop shift amount: 3
Narrow klass base: 0x0000000000000000, Narrow klass shift: 3
Compressed class space size: 1073741824 Address: 0x00000007c0000000

Heap:
 PSYoungGen      total 75264K, used 28388K [0x000000076c200000, 0x0000000771600000, 0x00000007c0000000)
  eden space 64512K, 44% used [0x000000076c200000,0x000000076ddb9298,0x0000000770100000)
  from space 10752K, 0% used [0x0000000770b80000,0x0000000770b80000,0x0000000771600000)
  to   space 10752K, 0% used [0x0000000770100000,0x0000000770100000,0x0000000770b80000)
 ParOldGen       total 172032K, used 0K [0x00000006c4600000, 0x00000006cee00000, 0x000000076c200000)
  object space 172032K, 0% used [0x00000006c4600000,0x00000006c4600000,0x00000006cee00000)
 Metaspace       used 10779K, capacity 10980K, committed 11136K, reserved 1058816K
  class space    used 1260K, capacity 1326K, committed 1408K, reserved 1048576K

Card table byte_map: [0x00000157336b0000,0x0000015733e90000] byte_map_base: 0x000001573008d000

Marking Bits: (ParMarkBitMap*) 0x00007ff8850c5fc0
 Begin Bits: [0x00000157343d0000, 0x00000157382b8000)
 End Bits:   [0x00000157382b8000, 0x000001573c1a0000)

Polling page: 0x00000157242c0000

CodeCache: size=245760Kb used=5920Kb max_used=5920Kb free=239839Kb
 bounds [0x00000157242f0000, 0x00000157248c0000, 0x00000157332f0000]
 total_blobs=1709 nmethods=1232 adapters=386
 compilation: enabled

Compilation events (10 events):
Event: 1.217 Thread 0x000001573f419000 1227       4       java.util.concurrent.ConcurrentHashMap::setTabAt (19 bytes)
Event: 1.218 Thread 0x000001573f3d9800 nmethod 1228 0x000001572484b490 code [0x000001572484b5c0, 0x000001572484b618]
Event: 1.218 Thread 0x000001573f419000 nmethod 1227 0x000001572484cc90 code [0x000001572484cdc0, 0x000001572484ce38]
Event: 1.219 Thread 0x000001573f41b800 1229       1       java.net.URL::getFile (5 bytes)
Event: 1.219 Thread 0x000001573f41b800 nmethod 1229 0x00000157248a4ad0 code [0x00000157248a4c20, 0x00000157248a4d38]
Event: 1.220 Thread 0x000001573f41b800 1231  s!   3       sun.misc.URLClassPath::getLoader (243 bytes)
Event: 1.220 Thread 0x000001573f418800 1230  s    3       sun.misc.URLClassPath::getNextLoader (88 bytes)
Event: 1.220 Thread 0x000001573f41a800 1232       1       java.net.URL::getRef (5 bytes)
Event: 1.220 Thread 0x000001573f41a800 nmethod 1232 0x00000157248a4810 code [0x00000157248a4960, 0x00000157248a4a78]
Event: 1.220 Thread 0x000001573f418800 nmethod 1230 0x00000157248b1a90 code [0x00000157248b1c60, 0x00000157248b24d0]

GC Heap History (0 events):
No events

Deoptimization events (2 events):
Event: 0.163 Thread 0x0000015722863800 Uncommon trap: reason=null_check action=make_not_entrant pc=0x0000015724629000 method=java.lang.String.equals(Ljava/lang/Object;)Z @ 8
Event: 0.212 Thread 0x0000015722863800 Uncommon trap: reason=loop_limit_check action=maybe_recompile pc=0x0000015724647520 method=java.lang.String.equals(Ljava/lang/Object;)Z @ 56

Classes redefined (0 events):
No events

Internal exceptions (9 events):
Event: 0.028 Thread 0x0000015722863800 Exception <a 'java/lang/NoSuchMethodError': Method sun.misc.Unsafe.defineClass(Ljava/lang/String;[BII)Ljava/lang/Class; name or signature does not match> (0x000000076c207ce0) thrown at [C:\jenkins\workspace\8-2-build-windows-x64-cygwin-sans-NAS\jdk8u401-m
Event: 0.028 Thread 0x0000015722863800 Exception <a 'java/lang/NoSuchMethodError': Method sun.misc.Unsafe.prefetchRead(Ljava/lang/Object;J)V name or signature does not match> (0x000000076c207fc8) thrown at [C:\jenkins\workspace\8-2-build-windows-x64-cygwin-sans-NAS\jdk8u401-mos\721\hotspot\src
Event: 0.086 Thread 0x0000015722863800 Exception <a 'java/security/PrivilegedActionException'> (0x000000076c297ea0) thrown at [C:\jenkins\workspace\8-2-build-windows-x64-cygwin-sans-NAS\jdk8u401-mos\721\hotspot\src\share\vm\prims\jvm.cpp, line 1513]
Event: 0.086 Thread 0x0000015722863800 Exception <a 'java/security/PrivilegedActionException'> (0x000000076c2980b0) thrown at [C:\jenkins\workspace\8-2-build-windows-x64-cygwin-sans-NAS\jdk8u401-mos\721\hotspot\src\share\vm\prims\jvm.cpp, line 1513]
Event: 0.091 Thread 0x0000015722863800 Exception <a 'java/io/FileNotFoundException'> (0x000000076c29a630) thrown at [C:\jenkins\workspace\8-2-build-windows-x64-cygwin-sans-NAS\jdk8u401-mos\721\hotspot\src\share\vm\prims\jni.cpp, line 710]
Event: 0.112 Thread 0x0000015722863800 Exception <a 'java/lang/NoSuchFieldError': method resolution failed> (0x000000076c87c888) thrown at [C:\jenkins\workspace\8-2-build-windows-x64-cygwin-sans-NAS\jdk8u401-mos\721\hotspot\src\share\vm\prims\methodHandles.cpp, line 1188]
Event: 0.113 Thread 0x0000015722863800 Exception <a 'java/lang/NoSuchFieldError': method resolution failed> (0x000000076c88a090) thrown at [C:\jenkins\workspace\8-2-build-windows-x64-cygwin-sans-NAS\jdk8u401-mos\721\hotspot\src\share\vm\prims\methodHandles.cpp, line 1188]
Event: 0.142 Thread 0x0000015722863800 Exception <a 'java/io/FileNotFoundException'> (0x000000076c92d168) thrown at [C:\jenkins\workspace\8-2-build-windows-x64-cygwin-sans-NAS\jdk8u401-mos\721\hotspot\src\share\vm\prims\jni.cpp, line 710]
Event: 0.163 Thread 0x0000015722863800 Implicit null exception at 0x0000015724628de2 to 0x0000015724628ff1

Events (10 events):
Event: 1.219 loading class jssc/SerialPort
Event: 1.219 loading class jssc/SerialPort done
Event: 1.220 loading class java/lang/SecurityException
Event: 1.220 loading class java/lang/SecurityException done
Event: 1.220 loading class jssc/SerialPortTimeoutException
Event: 1.220 loading class jssc/SerialPortTimeoutException done
Event: 1.220 loading class jssc/SerialPort$EventThread
Event: 1.220 loading class jssc/SerialPort$EventThread done
Event: 1.220 loading class jssc/SerialPort$LinuxEventThread
Event: 1.220 loading class jssc/SerialPort$LinuxEventThread done


Dynamic libraries:
0x00007ff76b2f0000 - 0x00007ff76b33a000 	C:\Program Files\Java\jdk-1.8\bin\javaw.exe
0x00007ff918bb0000 - 0x00007ff918dc7000 	C:\WINDOWS\SYSTEM32\ntdll.dll
0x00007ff918150000 - 0x00007ff918214000 	C:\WINDOWS\System32\KERNEL32.DLL
0x00007ff9162e0000 - 0x00007ff916687000 	C:\WINDOWS\System32\KERNELBASE.dll
0x00000000696a0000 - 0x00000000699d2000 	C:\Program Files\Norton Security\NortonData\22.21.5.44\Definitions\IPSDefs\20240604.064\IPSEng64.dll
0x00007ff918220000 - 0x00007ff9182d2000 	C:\WINDOWS\System32\ADVAPI32.dll
0x00007ff917ac0000 - 0x00007ff917b67000 	C:\WINDOWS\System32\msvcrt.dll
0x00007ff918a30000 - 0x00007ff918ad8000 	C:\WINDOWS\System32\sechost.dll
0x00007ff915f00000 - 0x00007ff915f28000 	C:\WINDOWS\System32\bcrypt.dll
0x00007ff917fb0000 - 0x00007ff9180c5000 	C:\WINDOWS\System32\RPCRT4.dll
0x00007ff916c70000 - 0x00007ff916c78000 	C:\WINDOWS\System32\PSAPI.DLL
0x00007ff918880000 - 0x00007ff918a2e000 	C:\WINDOWS\System32\USER32.dll
0x00007ff915ed0000 - 0x00007ff915ef6000 	C:\WINDOWS\System32\win32u.dll
0x00007ff917b70000 - 0x00007ff917b99000 	C:\WINDOWS\System32\GDI32.dll
0x00007ff9167c0000 - 0x00007ff9168d9000 	C:\WINDOWS\System32\gdi32full.dll
0x00007ff9161c0000 - 0x00007ff91625a000 	C:\WINDOWS\System32\msvcp_win.dll
0x00007ff9160a0000 - 0x00007ff9161b1000 	C:\WINDOWS\System32\ucrtbase.dll
0x00007ff8fd4f0000 - 0x00007ff8fd783000 	C:\WINDOWS\WinSxS\amd64_microsoft.windows.common-controls_6595b64144ccf1df_6.0.22621.3527_none_270e469b73872a76\COMCTL32.dll
0x00007ff916b60000 - 0x00007ff916b91000 	C:\WINDOWS\System32\IMM32.DLL
0x00007ff8ff560000 - 0x00007ff8ff57b000 	C:\Program Files\Java\jdk-1.8\jre\bin\vcruntime140.dll
0x00007ff8ff5a0000 - 0x00007ff8ff5ac000 	C:\Program Files\Java\jdk-1.8\jre\bin\vcruntime140_1.dll
0x00007ff8d9530000 - 0x00007ff8d95be000 	C:\Program Files\Java\jdk-1.8\jre\bin\msvcp140.dll
0x00007ff884890000 - 0x00007ff885140000 	C:\Program Files\Java\jdk-1.8\jre\bin\server\jvm.dll
0x00007ff90e270000 - 0x00007ff90e2a4000 	C:\WINDOWS\SYSTEM32\WINMM.dll
0x00007ff8e1d90000 - 0x00007ff8e1d99000 	C:\WINDOWS\SYSTEM32\WSOCK32.dll
0x00007ff9180d0000 - 0x00007ff918141000 	C:\WINDOWS\System32\WS2_32.dll
0x00007ff907a30000 - 0x00007ff907a3a000 	C:\WINDOWS\SYSTEM32\VERSION.dll
0x00007ff914fe0000 - 0x00007ff914ff8000 	C:\WINDOWS\SYSTEM32\kernel.appcore.dll
0x00007ff8ff3e0000 - 0x00007ff8ff3f0000 	C:\Program Files\Java\jdk-1.8\jre\bin\verify.dll
0x00007ff8ed320000 - 0x00007ff8ed34b000 	C:\Program Files\Java\jdk-1.8\jre\bin\java.dll
0x00007ff8fcb10000 - 0x00007ff8fcb28000 	C:\Program Files\Java\jdk-1.8\jre\bin\zip.dll
0x00007ff917100000 - 0x00007ff91795c000 	C:\WINDOWS\System32\SHELL32.dll
0x00007ff913e20000 - 0x00007ff914716000 	C:\WINDOWS\SYSTEM32\windows.storage.dll
0x00007ff917ba0000 - 0x00007ff917f28000 	C:\WINDOWS\System32\combase.dll
0x00007ff913ce0000 - 0x00007ff913e1e000 	C:\WINDOWS\SYSTEM32\wintypes.dll
0x00007ff916a60000 - 0x00007ff916b55000 	C:\WINDOWS\System32\SHCORE.dll
0x00007ff9168e0000 - 0x00007ff91693e000 	C:\WINDOWS\System32\shlwapi.dll
0x00007ff915e00000 - 0x00007ff915e21000 	C:\WINDOWS\SYSTEM32\profapi.dll
0x00007ff88d300000 - 0x00007ff88d47f000 	C:\Program Files\Java\jdk-1.8\jre\bin\awt.dll
0x00007ff916980000 - 0x00007ff916a57000 	C:\WINDOWS\System32\OLEAUT32.dll
0x00007ff910300000 - 0x00007ff910397000 	C:\WINDOWS\SYSTEM32\apphelp.dll
0x00007ff910680000 - 0x00007ff9106ab000 	C:\WINDOWS\system32\DWMAPI.DLL
0x00007ff910400000 - 0x00007ff9104ab000 	C:\WINDOWS\system32\uxtheme.dll
0x00007ff8f6d60000 - 0x00007ff8f6e60000 	C:\WINDOWS\system32\opengl32.dll
0x00007ff8f7490000 - 0x00007ff8f74bd000 	C:\WINDOWS\SYSTEM32\GLU32.dll
0x00007ff913160000 - 0x00007ff913199000 	C:\WINDOWS\SYSTEM32\dxcore.dll
0x00007ff917960000 - 0x00007ff917ab3000 	C:\WINDOWS\System32\MSCTF.dll
0x00007ff918660000 - 0x00007ff918805000 	C:\WINDOWS\System32\ole32.dll
0x00007ff916260000 - 0x00007ff9162d9000 	C:\WINDOWS\System32\bcryptPrimitives.dll
0x00007ff8ed2d0000 - 0x00007ff8ed31f000 	C:\Program Files\Java\jdk-1.8\jre\bin\fontmanager.dll
0x00007ff8edf20000 - 0x00007ff8edf3c000 	C:\Program Files\Java\jdk-1.8\jre\bin\net.dll
0x00007ff915450000 - 0x00007ff9154b9000 	C:\WINDOWS\system32\mswsock.dll
0x00007ff8ecec0000 - 0x00007ff8eced3000 	C:\Program Files\Java\jdk-1.8\jre\bin\nio.dll
0x00007ff8e2970000 - 0x00007ff8e29b3000 	C:\Program Files\Java\jdk-1.8\jre\bin\t2k.dll
0x00007ff8f0d20000 - 0x00007ff8f0e6b000 	C:\WINDOWS\SYSTEM32\textinputframework.dll
0x00007ff8fd3d0000 - 0x00007ff8fd439000 	C:\WINDOWS\system32\Oleacc.dll
0x00007ff916ba0000 - 0x00007ff916c50000 	C:\WINDOWS\System32\clbcatq.dll
0x00007ff8ea6b0000 - 0x00007ff8ea6fb000 	C:\WINDOWS\system32\ApplicationTargetedFeatureDatabase.dll
0x00007ff90b8c0000 - 0x00007ff90bb4b000 	C:\Windows\System32\twinapi.appcore.dll
0x00007ff8ecba0000 - 0x00007ff8ecbca000 	C:\Program Files\Java\jdk-1.8\jre\bin\dcpr.dll
0x00007ff910010000 - 0x00007ff910143000 	C:\WINDOWS\SYSTEM32\CoreMessaging.dll
0x00007ff90d7e0000 - 0x00007ff90db4c000 	C:\WINDOWS\SYSTEM32\CoreUIComponents.dll
0x00007ff9156d0000 - 0x00007ff9156dc000 	C:\WINDOWS\SYSTEM32\CRYPTBASE.DLL
0x0000000071100000 - 0x0000000071125000 	C:\Users\tec31\.jssc\windows\jSSC-2.8_x86_64.dll
0x00007ff913750000 - 0x00007ff913982000 	C:\WINDOWS\SYSTEM32\dbghelp.dll

VM Arguments:
jvm_args: -Dfile.encoding=UTF-8 -Dstdout.encoding=UTF-8 -Dstderr.encoding=UTF-8 
java_command: Main
java_class_path (initial): C:\Users\tec31\git\repository\MRR_Dispatcher\bin;C:\Users\tec31\git\repository\MRR_Dispatcher\src\jssc.jar
Launcher Type: SUN_STANDARD

Environment Variables:
USERNAME=tec31
OS=Windows_NT
PROCESSOR_IDENTIFIER=Intel64 Family 6 Model 141 Stepping 1, GenuineIntel



---------------  S Y S T E M  ---------------

OS: Windows 11 , 64 bit Build 22621 (10.0.22621.3527)

CPU:total 16 (initial active 16) (8 cores per cpu, 2 threads per core) family 6 model 141 stepping 1, cmov, cx8, fxsr, mmx, sse, sse2, sse3, ssse3, sse4.1, sse4.2, popcnt, avx, avx2, aes, clmul, erms, 3dnowpref, lzcnt, ht, tsc, tscinvbit, bmi1, bmi2, adx

Memory: 4k page, physical 16490316k(4469628k free), swap 24616780k(6627276k free)

vm_info: Java HotSpot(TM) 64-Bit Server VM (25.401-b25) for windows-amd64 JRE (1.8.0_401-b25), built on Jan  3 2024 09:14:55 by "java_re" with MS VC++ 17.1 (VS2022)

time: Wed Jun  5 02:25:01 2024
timezone: Eastern Daylight Time
elapsed time: 1.240810 seconds (0d 0h 0m 1s)

